<?xml version="1.0" encoding="UTF-8"?>
<!-- Generated by org.testng.reporters.JUnitXMLReporter -->
<testsuite ignored="0" hostname="surfacepro6" failures="0" tests="4" name="Test" time="71.313" errors="0" timestamp="2022-06-13T14:50:16 EET">
  <testcase classname="testcase.TestCase001" name="LoginTest" time="8.647"/>
  <testcase classname="testcase.TestCase001" name="LoginTest" time="8.273"/>
  <testcase classname="testcase.TestCase001" name="LoginTest" time="8.073"/>
  <testcase classname="testcase.TestCase001" name="LoginTest" time="8.0"/>
</testsuite> <!-- Test -->
